52.0 APEX_CODE,FINEST;APEX_PROFILING,NONE;CALLOUT,NONE;DB,NONE;NBA,NONE;SYSTEM,DEBUG;VALIDATION,NONE;VISUALFORCE,NONE;WAVE,NONE;WORKFLOW,NONE
22:36:59.0 (590178)|USER_INFO|[EXTERNAL]|0052v00000gO34I|shatrughna@lightning.com|(GMT+05:30) India Standard Time (Asia/Colombo)|GMT+05:30
22:36:59.0 (628518)|EXECUTION_STARTED
22:36:59.0 (634194)|CODE_UNIT_STARTED|[EXTERNAL]|FutureHandler - state load
22:36:59.0 (2253475)|CODE_UNIT_FINISHED|FutureHandler - state load
22:36:59.0 (2267146)|EXECUTION_FINISHED
22:36:59.18 (18887282)|USER_INFO|[EXTERNAL]|0052v00000gO34I|shatrughna@lightning.com|(GMT+05:30) India Standard Time (Asia/Colombo)|GMT+05:30
22:36:59.18 (18911289)|EXECUTION_STARTED
22:36:59.18 (18928585)|CODE_UNIT_STARTED|[EXTERNAL]|01p2v00000TtfVU|shatrughna94.AccountTriggerv1.notofyExternalSystem(Id)
22:36:59.18 (19672637)|HEAP_ALLOCATE|[79]|Bytes:3
22:36:59.18 (19766893)|HEAP_ALLOCATE|[84]|Bytes:152
22:36:59.18 (19787600)|HEAP_ALLOCATE|[399]|Bytes:408
22:36:59.18 (19804225)|HEAP_ALLOCATE|[412]|Bytes:408
22:36:59.18 (19816854)|HEAP_ALLOCATE|[520]|Bytes:48
22:36:59.18 (19851021)|HEAP_ALLOCATE|[139]|Bytes:6
22:36:59.18 (19926479)|HEAP_ALLOCATE|[EXTERNAL]|Bytes:1
22:36:59.18 (19949113)|HEAP_ALLOCATE|[EXTERNAL]|Bytes:2
22:36:59.18 (20005531)|METHOD_ENTRY|[1]|01p2v00000TtfVU|shatrughna94.AccountTriggerv1.AccountTriggerv1()
22:36:59.18 (20014005)|STATEMENT_EXECUTE|[1]
22:36:59.18 (20035290)|STATEMENT_EXECUTE|[1]
22:36:59.18 (20067709)|HEAP_ALLOCATE|[52]|Bytes:5
22:36:59.18 (20100261)|HEAP_ALLOCATE|[58]|Bytes:5
22:36:59.18 (20109769)|HEAP_ALLOCATE|[66]|Bytes:7
22:36:59.18 (20793547)|SYSTEM_MODE_ENTER|false
22:36:59.18 (20839639)|HEAP_ALLOCATE|[EXTERNAL]|Bytes:5
22:36:59.18 (20852159)|SYSTEM_MODE_EXIT|false
22:36:59.18 (20878498)|METHOD_EXIT|[1]|shatrughna94.AccountTriggerv1
22:36:59.18 (20886851)|HEAP_ALLOCATE|[EXTERNAL]|Bytes:4
22:36:59.18 (20897843)|VARIABLE_SCOPE_BEGIN|[4]|accountid|Id|false|false
22:36:59.18 (21102970)|VARIABLE_ASSIGNMENT|[4]|accountid|"0012v00003Hnh8bAAB"
22:36:59.18 (21122063)|SYSTEM_MODE_ENTER|false
22:36:59.18 (21130581)|HEAP_ALLOCATE|[5]|Bytes:5
22:36:59.18 (21137504)|STATEMENT_EXECUTE|[4]
22:36:59.18 (21139716)|STATEMENT_EXECUTE|[5]
22:36:59.18 (21143483)|HEAP_ALLOCATE|[5]|Bytes:48
22:36:59.18 (21166994)|HEAP_ALLOCATE|[5]|Bytes:4
22:36:59.18 (21195575)|HEAP_ALLOCATE|[5]|Bytes:7
22:36:59.18 (33083709)|HEAP_ALLOCATE|[5]|Bytes:8
22:36:59.18 (33135621)|HEAP_ALLOCATE|[5]|Bytes:50
22:36:59.18 (33264282)|HEAP_ALLOCATE|[5]|Bytes:8
22:36:59.18 (33287068)|HEAP_ALLOCATE|[5]|Bytes:33
22:36:59.18 (33359143)|HEAP_ALLOCATE|[5]|Bytes:12
22:36:59.18 (33385117)|VARIABLE_SCOPE_BEGIN|[5]|acc|Account|true|false
22:36:59.18 (33439366)|VARIABLE_ASSIGNMENT|[5]|acc|{"Id":"0012v00003Hnh8bAAB","Name":"Admin account"}|0x17482fb6
22:36:59.18 (33449883)|STATEMENT_EXECUTE|[6]
22:36:59.18 (33472267)|VARIABLE_SCOPE_BEGIN|[6]|objectHttp|System.Http|true|false
22:36:59.18 (33555733)|VARIABLE_ASSIGNMENT|[6]|objectHttp|"System.Http[]"|0x11dd90e
22:36:59.18 (33564023)|STATEMENT_EXECUTE|[7]
22:36:59.18 (33578402)|VARIABLE_SCOPE_BEGIN|[7]|req|System.HttpRequest|true|false
22:36:59.18 (33617167)|VARIABLE_ASSIGNMENT|[7]|req|"System.HttpRequest[Endpoint=null, Method=null]"|0x58944118
22:36:59.18 (33624313)|STATEMENT_EXECUTE|[8]
22:36:59.18 (33628728)|HEAP_ALLOCATE|[8]|Bytes:29
22:36:59.18 (33796009)|STATEMENT_EXECUTE|[9]
22:36:59.18 (33801750)|HEAP_ALLOCATE|[9]|Bytes:4
22:36:59.18 (33845355)|STATEMENT_EXECUTE|[10]
22:36:59.18 (33888070)|HEAP_ALLOCATE|[10]|Bytes:24
22:36:59.18 (33922538)|SYSTEM_METHOD_ENTRY|[1]|JSON.JSON()
22:36:59.18 (33931552)|STATEMENT_EXECUTE|[1]
22:36:59.18 (33948513)|SYSTEM_METHOD_EXIT|[1]|JSON
22:36:59.18 (33990675)|METHOD_ENTRY|[10]||System.JSON.serialize(Object)
22:36:59.18 (36595857)|METHOD_EXIT|[10]||System.JSON.serialize(Object)
22:36:59.18 (36633643)|STATEMENT_EXECUTE|[11]
22:36:59.18 (37203241)|EXCEPTION_THROWN|[11]|System.CalloutException: no protocol: http//example.org/restService
22:36:59.18 (37294811)|HEAP_ALLOCATE|[11]|Bytes:46
22:36:59.18 (37321607)|SYSTEM_MODE_EXIT|false
22:36:59.18 (37454823)|FATAL_ERROR|System.CalloutException: no protocol: http//example.org/restService

Class.shatrughna94.AccountTriggerv1.notofyExternalSystem: line 11, column 1
22:36:59.18 (37476114)|FATAL_ERROR|System.CalloutException: no protocol: http//example.org/restService

Class.shatrughna94.AccountTriggerv1.notofyExternalSystem: line 11, column 1
22:36:59.18 (37531718)|CODE_UNIT_FINISHED|shatrughna94.AccountTriggerv1.notofyExternalSystem(Id)
22:36:59.18 (37539570)|EXECUTION_FINISHED
