52.0 APEX_CODE,FINEST;APEX_PROFILING,NONE;CALLOUT,NONE;DB,NONE;NBA,NONE;SYSTEM,DEBUG;VALIDATION,NONE;VISUALFORCE,NONE;WAVE,NONE;WORKFLOW,NONE
21:56:47.0 (507392)|USER_INFO|[EXTERNAL]|0052v00000gO34I|shatrughna@lightning.com|(GMT+05:30) India Standard Time (Asia/Colombo)|GMT+05:30
21:56:47.0 (572420)|EXECUTION_STARTED
21:56:47.0 (577305)|CODE_UNIT_STARTED|[EXTERNAL]|FutureHandler - state load
21:56:47.0 (1751288)|CODE_UNIT_FINISHED|FutureHandler - state load
21:56:47.0 (1771371)|EXECUTION_FINISHED
21:56:47.21 (21032312)|USER_INFO|[EXTERNAL]|0052v00000gO34I|shatrughna@lightning.com|(GMT+05:30) India Standard Time (Asia/Colombo)|GMT+05:30
21:56:47.21 (21057599)|EXECUTION_STARTED
21:56:47.21 (21080854)|CODE_UNIT_STARTED|[EXTERNAL]|01p2v00000USZMI|shatrughna94.AccounttriggerHelperClone.notifyExternalSystem(String)
21:56:47.21 (21747495)|HEAP_ALLOCATE|[79]|Bytes:3
21:56:47.21 (21848683)|HEAP_ALLOCATE|[84]|Bytes:152
21:56:47.21 (21866061)|HEAP_ALLOCATE|[399]|Bytes:408
21:56:47.21 (21880132)|HEAP_ALLOCATE|[412]|Bytes:408
21:56:47.21 (21892040)|HEAP_ALLOCATE|[520]|Bytes:48
21:56:47.21 (21917946)|HEAP_ALLOCATE|[139]|Bytes:6
21:56:47.21 (21992718)|HEAP_ALLOCATE|[EXTERNAL]|Bytes:25
21:56:47.21 (22018392)|HEAP_ALLOCATE|[EXTERNAL]|Bytes:11
21:56:47.21 (22048336)|METHOD_ENTRY|[1]|01p2v00000USZMI|shatrughna94.AccounttriggerHelperClone.AccounttriggerHelperClone()
21:56:47.21 (22055871)|STATEMENT_EXECUTE|[1]
21:56:47.21 (22064405)|STATEMENT_EXECUTE|[1]
21:56:47.21 (22080261)|METHOD_EXIT|[1]|shatrughna94.AccounttriggerHelperClone
21:56:47.21 (22085916)|HEAP_ALLOCATE|[EXTERNAL]|Bytes:13
21:56:47.21 (22097651)|VARIABLE_SCOPE_BEGIN|[77]|Ids|String|false|false
21:56:47.21 (22158757)|VARIABLE_ASSIGNMENT|[77]|Ids|"1233445567788"
21:56:47.21 (22170425)|STATEMENT_EXECUTE|[77]
21:56:47.21 (22172408)|STATEMENT_EXECUTE|[78]
21:56:47.21 (22176271)|HEAP_ALLOCATE|[78]|Bytes:3
21:56:47.21 (22207804)|HEAP_ALLOCATE|[52]|Bytes:5
21:56:47.21 (22229190)|HEAP_ALLOCATE|[58]|Bytes:5
21:56:47.21 (22240056)|HEAP_ALLOCATE|[66]|Bytes:7
21:56:47.21 (22331075)|USER_DEBUG|[78]|DEBUG|acc
21:56:47.21 (22401137)|CODE_UNIT_FINISHED|shatrughna94.AccounttriggerHelperClone.notifyExternalSystem(String)
21:56:47.21 (22416792)|EXECUTION_FINISHED
