53.0 APEX_CODE,FINEST;APEX_PROFILING,NONE;CALLOUT,NONE;DB,NONE;NBA,NONE;SYSTEM,DEBUG;VALIDATION,NONE;VISUALFORCE,NONE;WAVE,NONE;WORKFLOW,NONE
21:33:32.7 (7701730)|USER_INFO|[EXTERNAL]|0052v00000gO34I|shatrughna@lightning.com|(GMT+05:30) India Standard Time (Asia/Colombo)|GMT+05:30
21:33:32.7 (7816726)|EXECUTION_STARTED
21:33:32.7 (7880650)|CODE_UNIT_STARTED|[EXTERNAL]|01p2v00000Ttlus|shatrughna94.contactUtilityTest.contactTestData()
21:33:32.7 (9639713)|HEAP_ALLOCATE|[79]|Bytes:3
21:33:32.7 (9796480)|HEAP_ALLOCATE|[84]|Bytes:152
21:33:32.7 (9830404)|HEAP_ALLOCATE|[399]|Bytes:408
21:33:32.7 (9864394)|HEAP_ALLOCATE|[412]|Bytes:408
21:33:32.7 (9895186)|HEAP_ALLOCATE|[520]|Bytes:48
21:33:32.7 (9944028)|HEAP_ALLOCATE|[139]|Bytes:6
21:33:32.7 (10180866)|METHOD_ENTRY|[2]|01p2v00000Ttlus|shatrughna94.contactUtilityTest.contactUtilityTest()
21:33:32.7 (10198466)|STATEMENT_EXECUTE|[2]
21:33:32.7 (10385383)|STATEMENT_EXECUTE|[2]
21:33:32.7 (10435391)|HEAP_ALLOCATE|[52]|Bytes:5
21:33:32.7 (10480865)|HEAP_ALLOCATE|[58]|Bytes:5
21:33:32.7 (10503243)|HEAP_ALLOCATE|[66]|Bytes:7
21:33:32.7 (11678885)|SYSTEM_MODE_ENTER|false
21:33:32.7 (11721056)|HEAP_ALLOCATE|[EXTERNAL]|Bytes:5
21:33:32.7 (11799395)|SYSTEM_MODE_EXIT|false
21:33:32.7 (11837760)|METHOD_EXIT|[2]|shatrughna94.contactUtilityTest
21:33:32.7 (11917920)|SYSTEM_MODE_ENTER|false
21:33:32.7 (11932311)|HEAP_ALLOCATE|[6]|Bytes:5
21:33:32.7 (11942222)|STATEMENT_EXECUTE|[5]
21:33:32.7 (11945383)|STATEMENT_EXECUTE|[6]
21:33:32.7 (12093100)|HEAP_ALLOCATE|[6]|Bytes:4
21:33:32.7 (12526496)|VARIABLE_SCOPE_BEGIN|[6]|cclist|List<Contact>|true|false
21:33:32.7 (12555337)|HEAP_ALLOCATE|[EXTERNAL]|Bytes:4
21:33:32.7 (12694280)|VARIABLE_ASSIGNMENT|[6]|cclist|[]|0x78a6438b
21:33:32.7 (12712073)|STATEMENT_EXECUTE|[7]
21:33:32.7 (12730067)|VARIABLE_SCOPE_BEGIN|[7]|i|Integer|false|false
21:33:32.7 (12745434)|HEAP_ALLOCATE|[7]|Bytes:4
21:33:32.7 (12795360)|VARIABLE_ASSIGNMENT|[7]|i|0
21:33:32.7 (12812337)|STATEMENT_EXECUTE|[7]
21:33:32.7 (12815114)|STATEMENT_EXECUTE|[8]
21:33:32.7 (12852314)|HEAP_ALLOCATE|[8]|Bytes:4
21:33:32.7 (13100263)|VARIABLE_SCOPE_BEGIN|[8]|cc|Contact|true|false
21:33:32.7 (13148384)|VARIABLE_ASSIGNMENT|[8]|cc|{}|0x4ed73f90
21:33:32.7 (13162330)|STATEMENT_EXECUTE|[9]
21:33:32.7 (13169053)|HEAP_ALLOCATE|[9]|Bytes:10
21:33:32.7 (13317032)|HEAP_ALLOCATE|[9]|Bytes:1
21:33:32.7 (13482045)|HEAP_ALLOCATE|[9]|Bytes:11
21:33:32.7 (58137180)|VARIABLE_ASSIGNMENT|[9]|this.FirstName|"Shatrughna0"|0x4ed73f90
21:33:32.7 (58163623)|STATEMENT_EXECUTE|[10]
21:33:32.7 (58173251)|HEAP_ALLOCATE|[10]|Bytes:7
21:33:32.7 (58684701)|VARIABLE_ASSIGNMENT|[10]|this.LastName|"Salunke"|0x4ed73f90
21:33:32.7 (58700840)|STATEMENT_EXECUTE|[11]
21:33:32.7 (58708324)|HEAP_ALLOCATE|[11]|Bytes:10
21:33:32.7 (59148887)|VARIABLE_ASSIGNMENT|[11]|this.Phone|"9373735419"|0x4ed73f90
21:33:32.7 (59162545)|STATEMENT_EXECUTE|[12]
21:33:32.7 (59168848)|HEAP_ALLOCATE|[12]|Bytes:20
21:33:32.7 (59538082)|VARIABLE_ASSIGNMENT|[12]|this.Email|"shatrughna@gamil.com"|0x4ed73f90
21:33:32.7 (59549497)|STATEMENT_EXECUTE|[13]
21:33:32.7 (59671553)|HEAP_ALLOCATE|[EXTERNAL]|Bytes:4
21:33:32.7 (59716866)|HEAP_ALLOCATE|[7]|Bytes:4
21:33:32.7 (59737792)|VARIABLE_ASSIGNMENT|[7]|i|1
21:33:32.7 (59750709)|STATEMENT_EXECUTE|[7]
21:33:32.7 (59752854)|STATEMENT_EXECUTE|[8]
21:33:32.7 (59779559)|HEAP_ALLOCATE|[8]|Bytes:4
21:33:32.7 (59824546)|VARIABLE_SCOPE_BEGIN|[8]|cc|Contact|true|false
21:33:32.7 (59850336)|VARIABLE_ASSIGNMENT|[8]|cc|{}|0x45e8f13b
21:33:32.7 (59857517)|STATEMENT_EXECUTE|[9]
21:33:32.7 (59887752)|HEAP_ALLOCATE|[9]|Bytes:1
21:33:32.7 (59906608)|HEAP_ALLOCATE|[9]|Bytes:11
21:33:32.7 (60343948)|VARIABLE_ASSIGNMENT|[9]|this.FirstName|"Shatrughna1"|0x45e8f13b
21:33:32.7 (60356966)|STATEMENT_EXECUTE|[10]
21:33:32.7 (60769488)|VARIABLE_ASSIGNMENT|[10]|this.LastName|"Salunke"|0x45e8f13b
21:33:32.7 (60780618)|STATEMENT_EXECUTE|[11]
21:33:32.7 (61133351)|VARIABLE_ASSIGNMENT|[11]|this.Phone|"9373735419"|0x45e8f13b
21:33:32.7 (61144624)|STATEMENT_EXECUTE|[12]
21:33:32.7 (61475761)|VARIABLE_ASSIGNMENT|[12]|this.Email|"shatrughna@gamil.com"|0x45e8f13b
21:33:32.7 (61486095)|STATEMENT_EXECUTE|[13]
21:33:32.7 (61500521)|HEAP_ALLOCATE|[EXTERNAL]|Bytes:4
21:33:32.7 (61512282)|HEAP_ALLOCATE|[7]|Bytes:4
21:33:32.7 (61524306)|VARIABLE_ASSIGNMENT|[7]|i|2
21:33:32.7 (61532785)|STATEMENT_EXECUTE|[7]
21:33:32.7 (61534690)|STATEMENT_EXECUTE|[8]
21:33:32.7 (61550081)|HEAP_ALLOCATE|[8]|Bytes:4
21:33:32.7 (61602169)|VARIABLE_SCOPE_BEGIN|[8]|cc|Contact|true|false
21:33:32.7 (61623998)|VARIABLE_ASSIGNMENT|[8]|cc|{}|0xa5f3346
21:33:32.7 (61630759)|STATEMENT_EXECUTE|[9]
21:33:32.7 (61650217)|HEAP_ALLOCATE|[9]|Bytes:1
21:33:32.7 (61665666)|HEAP_ALLOCATE|[9]|Bytes:11
21:33:32.7 (62070015)|VARIABLE_ASSIGNMENT|[9]|this.FirstName|"Shatrughna2"|0xa5f3346
21:33:32.7 (62081694)|STATEMENT_EXECUTE|[10]
21:33:32.7 (62419248)|VARIABLE_ASSIGNMENT|[10]|this.LastName|"Salunke"|0xa5f3346
21:33:32.7 (62429866)|STATEMENT_EXECUTE|[11]
21:33:32.7 (63145444)|VARIABLE_ASSIGNMENT|[11]|this.Phone|"9373735419"|0xa5f3346
21:33:32.7 (63158376)|STATEMENT_EXECUTE|[12]
21:33:32.7 (63583891)|VARIABLE_ASSIGNMENT|[12]|this.Email|"shatrughna@gamil.com"|0xa5f3346
21:33:32.7 (63595185)|STATEMENT_EXECUTE|[13]
21:33:32.7 (63610466)|HEAP_ALLOCATE|[EXTERNAL]|Bytes:4
21:33:32.7 (63622042)|HEAP_ALLOCATE|[7]|Bytes:4
21:33:32.7 (63634314)|VARIABLE_ASSIGNMENT|[7]|i|3
21:33:32.7 (63643314)|STATEMENT_EXECUTE|[7]
21:33:32.7 (63645306)|STATEMENT_EXECUTE|[8]
21:33:32.7 (63660764)|HEAP_ALLOCATE|[8]|Bytes:4
21:33:32.7 (63681036)|VARIABLE_SCOPE_BEGIN|[8]|cc|Contact|true|false
21:33:32.7 (63700231)|VARIABLE_ASSIGNMENT|[8]|cc|{}|0x21661121
21:33:32.7 (63707681)|STATEMENT_EXECUTE|[9]
21:33:32.7 (63726291)|HEAP_ALLOCATE|[9]|Bytes:1
21:33:32.7 (63741450)|HEAP_ALLOCATE|[9]|Bytes:11
21:33:32.7 (64104531)|VARIABLE_ASSIGNMENT|[9]|this.FirstName|"Shatrughna3"|0x21661121
21:33:32.7 (64115830)|STATEMENT_EXECUTE|[10]
21:33:32.7 (64499790)|VARIABLE_ASSIGNMENT|[10]|this.LastName|"Salunke"|0x21661121
21:33:32.7 (64510523)|STATEMENT_EXECUTE|[11]
21:33:32.7 (64880104)|VARIABLE_ASSIGNMENT|[11]|this.Phone|"9373735419"|0x21661121
21:33:32.7 (64890283)|STATEMENT_EXECUTE|[12]
21:33:32.7 (65308632)|VARIABLE_ASSIGNMENT|[12]|this.Email|"shatrughna@gamil.com"|0x21661121
21:33:32.7 (65319288)|STATEMENT_EXECUTE|[13]
21:33:32.7 (65333763)|HEAP_ALLOCATE|[EXTERNAL]|Bytes:4
21:33:32.7 (65344881)|HEAP_ALLOCATE|[7]|Bytes:4
21:33:32.7 (65357019)|VARIABLE_ASSIGNMENT|[7]|i|4
21:33:32.7 (65365173)|STATEMENT_EXECUTE|[7]
21:33:32.7 (65367140)|STATEMENT_EXECUTE|[8]
21:33:32.7 (65382243)|HEAP_ALLOCATE|[8]|Bytes:4
21:33:32.7 (65402107)|VARIABLE_SCOPE_BEGIN|[8]|cc|Contact|true|false
21:33:32.7 (65419836)|VARIABLE_ASSIGNMENT|[8]|cc|{}|0x3034a7b
21:33:32.7 (65426301)|STATEMENT_EXECUTE|[9]
21:33:32.7 (65445023)|HEAP_ALLOCATE|[9]|Bytes:1
21:33:32.7 (65458916)|HEAP_ALLOCATE|[9]|Bytes:11
21:33:32.7 (66030757)|VARIABLE_ASSIGNMENT|[9]|this.FirstName|"Shatrughna4"|0x3034a7b
21:33:32.7 (66042282)|STATEMENT_EXECUTE|[10]
21:33:32.7 (66483946)|VARIABLE_ASSIGNMENT|[10]|this.LastName|"Salunke"|0x3034a7b
21:33:32.7 (66494615)|STATEMENT_EXECUTE|[11]
21:33:32.7 (66924470)|VARIABLE_ASSIGNMENT|[11]|this.Phone|"9373735419"|0x3034a7b
21:33:32.7 (66934872)|STATEMENT_EXECUTE|[12]
21:33:32.7 (67282028)|VARIABLE_ASSIGNMENT|[12]|this.Email|"shatrughna@gamil.com"|0x3034a7b
21:33:32.7 (67293185)|STATEMENT_EXECUTE|[13]
21:33:32.7 (67307168)|HEAP_ALLOCATE|[EXTERNAL]|Bytes:4
21:33:32.7 (67318247)|HEAP_ALLOCATE|[7]|Bytes:4
21:33:32.7 (67330346)|VARIABLE_ASSIGNMENT|[7]|i|5
21:33:32.7 (67338509)|STATEMENT_EXECUTE|[7]
21:33:32.7 (67340456)|STATEMENT_EXECUTE|[8]
21:33:32.7 (67355411)|HEAP_ALLOCATE|[8]|Bytes:4
21:33:32.7 (67441898)|VARIABLE_SCOPE_BEGIN|[8]|cc|Contact|true|false
21:33:32.7 (67468445)|VARIABLE_ASSIGNMENT|[8]|cc|{}|0x1b9b1779
21:33:32.7 (67476092)|STATEMENT_EXECUTE|[9]
21:33:32.7 (67495044)|HEAP_ALLOCATE|[9]|Bytes:1
21:33:32.7 (67509394)|HEAP_ALLOCATE|[9]|Bytes:11
21:33:32.7 (67889996)|VARIABLE_ASSIGNMENT|[9]|this.FirstName|"Shatrughna5"|0x1b9b1779
21:33:32.7 (67900663)|STATEMENT_EXECUTE|[10]
21:33:32.7 (68379812)|VARIABLE_ASSIGNMENT|[10]|this.LastName|"Salunke"|0x1b9b1779
21:33:32.7 (68391030)|STATEMENT_EXECUTE|[11]
21:33:32.7 (68837114)|VARIABLE_ASSIGNMENT|[11]|this.Phone|"9373735419"|0x1b9b1779
21:33:32.7 (68847416)|STATEMENT_EXECUTE|[12]
21:33:32.7 (69333366)|VARIABLE_ASSIGNMENT|[12]|this.Email|"shatrughna@gamil.com"|0x1b9b1779
21:33:32.7 (69343961)|STATEMENT_EXECUTE|[13]
21:33:32.7 (69357668)|HEAP_ALLOCATE|[EXTERNAL]|Bytes:4
21:33:32.7 (69368376)|HEAP_ALLOCATE|[7]|Bytes:4
21:33:32.7 (69379698)|VARIABLE_ASSIGNMENT|[7]|i|6
21:33:32.7 (69387804)|STATEMENT_EXECUTE|[7]
21:33:32.7 (69389767)|STATEMENT_EXECUTE|[8]
21:33:32.7 (69404701)|HEAP_ALLOCATE|[8]|Bytes:4
21:33:32.7 (69421663)|VARIABLE_SCOPE_BEGIN|[8]|cc|Contact|true|false
21:33:32.7 (69439601)|VARIABLE_ASSIGNMENT|[8]|cc|{}|0x5e2a28e5
21:33:32.7 (69446494)|STATEMENT_EXECUTE|[9]
21:33:32.7 (69464442)|HEAP_ALLOCATE|[9]|Bytes:1
21:33:32.7 (69478316)|HEAP_ALLOCATE|[9]|Bytes:11
21:33:32.7 (69884259)|VARIABLE_ASSIGNMENT|[9]|this.FirstName|"Shatrughna6"|0x5e2a28e5
21:33:32.7 (69894990)|STATEMENT_EXECUTE|[10]
21:33:32.7 (70257902)|VARIABLE_ASSIGNMENT|[10]|this.LastName|"Salunke"|0x5e2a28e5
21:33:32.7 (70268857)|STATEMENT_EXECUTE|[11]
21:33:32.7 (70638039)|VARIABLE_ASSIGNMENT|[11]|this.Phone|"9373735419"|0x5e2a28e5
21:33:32.7 (70648401)|STATEMENT_EXECUTE|[12]
21:33:32.7 (71091064)|VARIABLE_ASSIGNMENT|[12]|this.Email|"shatrughna@gamil.com"|0x5e2a28e5
21:33:32.7 (71102534)|STATEMENT_EXECUTE|[13]
21:33:32.7 (71116881)|HEAP_ALLOCATE|[EXTERNAL]|Bytes:4
21:33:32.7 (71128442)|HEAP_ALLOCATE|[7]|Bytes:4
21:33:32.7 (71140530)|VARIABLE_ASSIGNMENT|[7]|i|7
21:33:32.7 (71148798)|STATEMENT_EXECUTE|[7]
21:33:32.7 (71150754)|STATEMENT_EXECUTE|[8]
21:33:32.7 (71165558)|HEAP_ALLOCATE|[8]|Bytes:4
21:33:32.7 (71182206)|VARIABLE_SCOPE_BEGIN|[8]|cc|Contact|true|false
21:33:32.7 (71199994)|VARIABLE_ASSIGNMENT|[8]|cc|{}|0x38893e6e
21:33:32.7 (71206822)|STATEMENT_EXECUTE|[9]
21:33:32.7 (71225265)|HEAP_ALLOCATE|[9]|Bytes:1
21:33:32.7 (71239599)|HEAP_ALLOCATE|[9]|Bytes:11
21:33:32.7 (71641879)|VARIABLE_ASSIGNMENT|[9]|this.FirstName|"Shatrughna7"|0x38893e6e
21:33:32.7 (71656174)|STATEMENT_EXECUTE|[10]
21:33:32.7 (72047190)|VARIABLE_ASSIGNMENT|[10]|this.LastName|"Salunke"|0x38893e6e
21:33:32.7 (72059324)|STATEMENT_EXECUTE|[11]
21:33:32.7 (72506883)|VARIABLE_ASSIGNMENT|[11]|this.Phone|"9373735419"|0x38893e6e
21:33:32.7 (72517519)|STATEMENT_EXECUTE|[12]
21:33:32.7 (72958246)|VARIABLE_ASSIGNMENT|[12]|this.Email|"shatrughna@gamil.com"|0x38893e6e
21:33:32.7 (72968523)|STATEMENT_EXECUTE|[13]
21:33:32.7 (72998681)|HEAP_ALLOCATE|[EXTERNAL]|Bytes:4
21:33:32.7 (73014248)|HEAP_ALLOCATE|[7]|Bytes:4
21:33:32.7 (73027750)|VARIABLE_ASSIGNMENT|[7]|i|8
21:33:32.7 (73035998)|STATEMENT_EXECUTE|[7]
21:33:32.7 (73037939)|STATEMENT_EXECUTE|[8]
21:33:32.7 (73053336)|HEAP_ALLOCATE|[8]|Bytes:4
21:33:32.7 (73069900)|VARIABLE_SCOPE_BEGIN|[8]|cc|Contact|true|false
21:33:32.7 (73088379)|VARIABLE_ASSIGNMENT|[8]|cc|{}|0x6fc7ce0c
21:33:32.7 (73094888)|STATEMENT_EXECUTE|[9]
21:33:32.7 (73113077)|HEAP_ALLOCATE|[9]|Bytes:1
21:33:32.7 (73126876)|HEAP_ALLOCATE|[9]|Bytes:11
21:33:32.7 (73544341)|VARIABLE_ASSIGNMENT|[9]|this.FirstName|"Shatrughna8"|0x6fc7ce0c
21:33:32.7 (73555521)|STATEMENT_EXECUTE|[10]
21:33:32.7 (73937232)|VARIABLE_ASSIGNMENT|[10]|this.LastName|"Salunke"|0x6fc7ce0c
21:33:32.7 (73947947)|STATEMENT_EXECUTE|[11]
21:33:32.7 (74311912)|VARIABLE_ASSIGNMENT|[11]|this.Phone|"9373735419"|0x6fc7ce0c
21:33:32.7 (74322706)|STATEMENT_EXECUTE|[12]
21:33:32.7 (74682493)|VARIABLE_ASSIGNMENT|[12]|this.Email|"shatrughna@gamil.com"|0x6fc7ce0c
21:33:32.7 (74692293)|STATEMENT_EXECUTE|[13]
21:33:32.7 (74706095)|HEAP_ALLOCATE|[EXTERNAL]|Bytes:4
21:33:32.7 (74717190)|HEAP_ALLOCATE|[7]|Bytes:4
21:33:32.7 (74728786)|VARIABLE_ASSIGNMENT|[7]|i|9
21:33:32.7 (74736996)|STATEMENT_EXECUTE|[7]
21:33:32.7 (74738942)|STATEMENT_EXECUTE|[8]
21:33:32.7 (74753705)|HEAP_ALLOCATE|[8]|Bytes:4
21:33:32.7 (74770049)|VARIABLE_SCOPE_BEGIN|[8]|cc|Contact|true|false
21:33:32.7 (74787278)|VARIABLE_ASSIGNMENT|[8]|cc|{}|0x33fe86d9
21:33:32.7 (74794278)|STATEMENT_EXECUTE|[9]
21:33:32.7 (74812742)|HEAP_ALLOCATE|[9]|Bytes:1
21:33:32.7 (74826818)|HEAP_ALLOCATE|[9]|Bytes:11
21:33:32.7 (75214645)|VARIABLE_ASSIGNMENT|[9]|this.FirstName|"Shatrughna9"|0x33fe86d9
21:33:32.7 (75225969)|STATEMENT_EXECUTE|[10]
21:33:32.7 (75538140)|VARIABLE_ASSIGNMENT|[10]|this.LastName|"Salunke"|0x33fe86d9
21:33:32.7 (75547915)|STATEMENT_EXECUTE|[11]
21:33:32.7 (75998187)|VARIABLE_ASSIGNMENT|[11]|this.Phone|"9373735419"|0x33fe86d9
21:33:32.7 (76008261)|STATEMENT_EXECUTE|[12]
21:33:32.7 (76476864)|VARIABLE_ASSIGNMENT|[12]|this.Email|"shatrughna@gamil.com"|0x33fe86d9
21:33:32.7 (76486972)|STATEMENT_EXECUTE|[13]
21:33:32.7 (76500851)|HEAP_ALLOCATE|[EXTERNAL]|Bytes:4
21:33:32.7 (76512488)|HEAP_ALLOCATE|[7]|Bytes:4
21:33:32.7 (76524633)|VARIABLE_ASSIGNMENT|[7]|i|10
21:33:32.7 (76533146)|STATEMENT_EXECUTE|[7]
21:33:32.7 (76535197)|STATEMENT_EXECUTE|[8]
21:33:32.7 (76550367)|HEAP_ALLOCATE|[8]|Bytes:4
21:33:32.7 (76566448)|VARIABLE_SCOPE_BEGIN|[8]|cc|Contact|true|false
21:33:32.7 (76583949)|VARIABLE_ASSIGNMENT|[8]|cc|{}|0x2f8f0bf3
21:33:32.7 (76590680)|STATEMENT_EXECUTE|[9]
21:33:32.7 (76608206)|HEAP_ALLOCATE|[9]|Bytes:2
21:33:32.7 (76622091)|HEAP_ALLOCATE|[9]|Bytes:12
21:33:32.7 (77025242)|VARIABLE_ASSIGNMENT|[9]|this.FirstName|"Shatrughna10"|0x2f8f0bf3
21:33:32.7 (77036607)|STATEMENT_EXECUTE|[10]
21:33:32.7 (77541860)|VARIABLE_ASSIGNMENT|[10]|this.LastName|"Salunke"|0x2f8f0bf3
21:33:32.7 (77551968)|STATEMENT_EXECUTE|[11]
21:33:32.7 (77935457)|VARIABLE_ASSIGNMENT|[11]|this.Phone|"9373735419"|0x2f8f0bf3
21:33:32.7 (77945517)|STATEMENT_EXECUTE|[12]
21:33:32.7 (78369082)|VARIABLE_ASSIGNMENT|[12]|this.Email|"shatrughna@gamil.com"|0x2f8f0bf3
21:33:32.7 (78380521)|STATEMENT_EXECUTE|[13]
21:33:32.7 (78394472)|HEAP_ALLOCATE|[EXTERNAL]|Bytes:4
21:33:32.7 (78406069)|HEAP_ALLOCATE|[7]|Bytes:4
21:33:32.7 (78417414)|VARIABLE_ASSIGNMENT|[7]|i|11
21:33:32.7 (78426744)|STATEMENT_EXECUTE|[15]
21:33:32.7 (78538622)|HEAP_ALLOCATE|[EXTERNAL]|Bytes:48
21:33:32.7 (245000142)|EXCEPTION_THROWN|[15]|System.DmlException: Insert failed. First exception on row 0; first error: CANNOT_INSERT_UPDATE_ACTIVATE_ENTITY, shatrughna94.ContactTriggerVersion1: execution of BeforeInsert

caused by: line 8, column 40: Method does not exist or incorrect signature: void preventDuplicateContact(Map<Id,Contact>) from the type shatrughna94.ContactTriggerHelperV1: []
21:33:32.7 (245546017)|HEAP_ALLOCATE|[15]|Bytes:335
21:33:32.7 (245587526)|SYSTEM_MODE_EXIT|false
21:33:32.7 (245663506)|FATAL_ERROR|System.DmlException: Insert failed. First exception on row 0; first error: CANNOT_INSERT_UPDATE_ACTIVATE_ENTITY, shatrughna94.ContactTriggerVersion1: execution of BeforeInsert

caused by: line 8, column 40: Method does not exist or incorrect signature: void preventDuplicateContact(Map<Id,Contact>) from the type shatrughna94.ContactTriggerHelperV1: []

Class.shatrughna94.contactUtilityTest.contactTestData: line 15, column 1
21:33:32.7 (245680716)|FATAL_ERROR|System.DmlException: Insert failed. First exception on row 0; first error: CANNOT_INSERT_UPDATE_ACTIVATE_ENTITY, shatrughna94.ContactTriggerVersion1: execution of BeforeInsert

caused by: line 8, column 40: Method does not exist or incorrect signature: void preventDuplicateContact(Map<Id,Contact>) from the type shatrughna94.ContactTriggerHelperV1: []

Class.shatrughna94.contactUtilityTest.contactTestData: line 15, column 1
21:33:32.7 (245895888)|CODE_UNIT_FINISHED|shatrughna94.contactUtilityTest.contactTestData()
21:33:32.7 (245907627)|EXECUTION_FINISHED
