53.0 APEX_CODE,FINEST;APEX_PROFILING,NONE;CALLOUT,NONE;DB,NONE;NBA,NONE;SYSTEM,DEBUG;VALIDATION,NONE;VISUALFORCE,NONE;WAVE,NONE;WORKFLOW,NONE
21:29:26.3 (3895845)|USER_INFO|[EXTERNAL]|0052v00000gO34I|shatrughna@lightning.com|(GMT+05:30) India Standard Time (Asia/Colombo)|GMT+05:30
21:29:26.3 (4102431)|EXECUTION_STARTED
21:29:26.3 (4129792)|CODE_UNIT_STARTED|[EXTERNAL]|01p2v00000Ttlus|shatrughna94.contactUtilityTest.contactTestData()
21:29:26.3 (5617425)|HEAP_ALLOCATE|[79]|Bytes:3
21:29:26.3 (5772766)|HEAP_ALLOCATE|[84]|Bytes:152
21:29:26.3 (5824175)|HEAP_ALLOCATE|[399]|Bytes:408
21:29:26.3 (5859196)|HEAP_ALLOCATE|[412]|Bytes:408
21:29:26.3 (7096516)|HEAP_ALLOCATE|[520]|Bytes:48
21:29:26.3 (7170372)|HEAP_ALLOCATE|[139]|Bytes:6
21:29:26.3 (7279589)|METHOD_ENTRY|[2]|01p2v00000Ttlus|shatrughna94.contactUtilityTest.contactUtilityTest()
21:29:26.3 (7304217)|STATEMENT_EXECUTE|[2]
21:29:26.3 (7447662)|STATEMENT_EXECUTE|[2]
21:29:26.3 (7513189)|HEAP_ALLOCATE|[52]|Bytes:5
21:29:26.3 (7701351)|HEAP_ALLOCATE|[58]|Bytes:5
21:29:26.3 (7737036)|HEAP_ALLOCATE|[66]|Bytes:7
21:29:26.3 (8729312)|SYSTEM_MODE_ENTER|false
21:29:26.3 (8778213)|HEAP_ALLOCATE|[EXTERNAL]|Bytes:5
21:29:26.3 (8929191)|SYSTEM_MODE_EXIT|false
21:29:26.3 (8966295)|METHOD_EXIT|[2]|shatrughna94.contactUtilityTest
21:29:26.3 (9043982)|SYSTEM_MODE_ENTER|false
21:29:26.3 (9061317)|HEAP_ALLOCATE|[6]|Bytes:5
21:29:26.3 (9076544)|STATEMENT_EXECUTE|[5]
21:29:26.3 (9081037)|STATEMENT_EXECUTE|[6]
21:29:26.3 (9206248)|HEAP_ALLOCATE|[6]|Bytes:4
21:29:26.3 (9504387)|VARIABLE_SCOPE_BEGIN|[6]|cclist|List<Contact>|true|false
21:29:26.3 (9538206)|HEAP_ALLOCATE|[EXTERNAL]|Bytes:4
21:29:26.3 (9658544)|VARIABLE_ASSIGNMENT|[6]|cclist|[]|0x1f0d6266
21:29:26.3 (9686184)|STATEMENT_EXECUTE|[7]
21:29:26.3 (9703332)|VARIABLE_SCOPE_BEGIN|[7]|i|Integer|false|false
21:29:26.3 (9721166)|HEAP_ALLOCATE|[7]|Bytes:4
21:29:26.3 (9750515)|VARIABLE_ASSIGNMENT|[7]|i|0
21:29:26.3 (9770264)|STATEMENT_EXECUTE|[7]
21:29:26.3 (9774613)|STATEMENT_EXECUTE|[8]
21:29:26.3 (9806497)|HEAP_ALLOCATE|[8]|Bytes:4
21:29:26.3 (9936929)|VARIABLE_SCOPE_BEGIN|[8]|cc|Contact|true|false
21:29:26.3 (9991388)|VARIABLE_ASSIGNMENT|[8]|cc|{}|0x4961f299
21:29:26.3 (10014109)|STATEMENT_EXECUTE|[9]
21:29:26.3 (10048928)|HEAP_ALLOCATE|[9]|Bytes:10
21:29:26.3 (10186815)|HEAP_ALLOCATE|[9]|Bytes:1
21:29:26.3 (10246503)|HEAP_ALLOCATE|[9]|Bytes:11
21:29:26.3 (12242389)|VARIABLE_ASSIGNMENT|[9]|this.FirstName|"Shatrughna0"|0x4961f299
21:29:26.3 (12281450)|STATEMENT_EXECUTE|[10]
21:29:26.3 (12302412)|HEAP_ALLOCATE|[10]|Bytes:7
21:29:26.3 (12733887)|VARIABLE_ASSIGNMENT|[10]|this.LastName|"Salunke"|0x4961f299
21:29:26.3 (12752396)|STATEMENT_EXECUTE|[11]
21:29:26.3 (12763004)|HEAP_ALLOCATE|[11]|Bytes:10
21:29:26.3 (13167150)|VARIABLE_ASSIGNMENT|[11]|this.Phone|"9373735419"|0x4961f299
21:29:26.3 (13201981)|STATEMENT_EXECUTE|[12]
21:29:26.3 (13211034)|HEAP_ALLOCATE|[12]|Bytes:20
21:29:26.3 (13620336)|VARIABLE_ASSIGNMENT|[12]|this.Email|"shatrughna@gamil.com"|0x4961f299
21:29:26.3 (13637021)|STATEMENT_EXECUTE|[13]
21:29:26.3 (13727981)|HEAP_ALLOCATE|[EXTERNAL]|Bytes:4
21:29:26.3 (13758320)|HEAP_ALLOCATE|[7]|Bytes:4
21:29:26.3 (13806439)|VARIABLE_ASSIGNMENT|[7]|i|1
21:29:26.3 (13823319)|STATEMENT_EXECUTE|[7]
21:29:26.3 (13827181)|STATEMENT_EXECUTE|[8]
21:29:26.3 (13851563)|HEAP_ALLOCATE|[8]|Bytes:4
21:29:26.3 (13884530)|VARIABLE_SCOPE_BEGIN|[8]|cc|Contact|true|false
21:29:26.3 (13922582)|VARIABLE_ASSIGNMENT|[8]|cc|{}|0x39c66484
21:29:26.3 (13935432)|STATEMENT_EXECUTE|[9]
21:29:26.3 (13962772)|HEAP_ALLOCATE|[9]|Bytes:1
21:29:26.3 (13990752)|HEAP_ALLOCATE|[9]|Bytes:11
21:29:26.3 (14912451)|VARIABLE_ASSIGNMENT|[9]|this.FirstName|"Shatrughna1"|0x39c66484
21:29:26.3 (14939287)|STATEMENT_EXECUTE|[10]
21:29:26.3 (15368863)|VARIABLE_ASSIGNMENT|[10]|this.LastName|"Salunke"|0x39c66484
21:29:26.3 (15390854)|STATEMENT_EXECUTE|[11]
21:29:26.3 (15831580)|VARIABLE_ASSIGNMENT|[11]|this.Phone|"9373735419"|0x39c66484
21:29:26.3 (15850469)|STATEMENT_EXECUTE|[12]
21:29:26.3 (16226431)|VARIABLE_ASSIGNMENT|[12]|this.Email|"shatrughna@gamil.com"|0x39c66484
21:29:26.3 (16243523)|STATEMENT_EXECUTE|[13]
21:29:26.3 (16265681)|HEAP_ALLOCATE|[EXTERNAL]|Bytes:4
21:29:26.3 (16285173)|HEAP_ALLOCATE|[7]|Bytes:4
21:29:26.3 (16329376)|VARIABLE_ASSIGNMENT|[7]|i|2
21:29:26.3 (16344202)|STATEMENT_EXECUTE|[7]
21:29:26.3 (16350904)|STATEMENT_EXECUTE|[8]
21:29:26.3 (16369679)|HEAP_ALLOCATE|[8]|Bytes:4
21:29:26.3 (16400157)|VARIABLE_SCOPE_BEGIN|[8]|cc|Contact|true|false
21:29:26.3 (16436335)|VARIABLE_ASSIGNMENT|[8]|cc|{}|0x4bd5396c
21:29:26.3 (16450577)|STATEMENT_EXECUTE|[9]
21:29:26.3 (16478090)|HEAP_ALLOCATE|[9]|Bytes:1
21:29:26.3 (16504607)|HEAP_ALLOCATE|[9]|Bytes:11
21:29:26.3 (16905661)|VARIABLE_ASSIGNMENT|[9]|this.FirstName|"Shatrughna2"|0x4bd5396c
21:29:26.3 (16924720)|STATEMENT_EXECUTE|[10]
21:29:26.3 (17344247)|VARIABLE_ASSIGNMENT|[10]|this.LastName|"Salunke"|0x4bd5396c
21:29:26.3 (17379163)|STATEMENT_EXECUTE|[11]
21:29:26.3 (17751066)|VARIABLE_ASSIGNMENT|[11]|this.Phone|"9373735419"|0x4bd5396c
21:29:26.3 (17770611)|STATEMENT_EXECUTE|[12]
21:29:26.3 (18165844)|VARIABLE_ASSIGNMENT|[12]|this.Email|"shatrughna@gamil.com"|0x4bd5396c
21:29:26.3 (18183047)|STATEMENT_EXECUTE|[13]
21:29:26.3 (18204490)|HEAP_ALLOCATE|[EXTERNAL]|Bytes:4
21:29:26.3 (18224005)|HEAP_ALLOCATE|[7]|Bytes:4
21:29:26.3 (18254108)|VARIABLE_ASSIGNMENT|[7]|i|3
21:29:26.3 (18267473)|STATEMENT_EXECUTE|[7]
21:29:26.3 (18272481)|STATEMENT_EXECUTE|[8]
21:29:26.3 (18291541)|HEAP_ALLOCATE|[8]|Bytes:4
21:29:26.3 (18322343)|VARIABLE_SCOPE_BEGIN|[8]|cc|Contact|true|false
21:29:26.3 (18357368)|VARIABLE_ASSIGNMENT|[8]|cc|{}|0x2d38a574
21:29:26.3 (18370985)|STATEMENT_EXECUTE|[9]
21:29:26.3 (18398223)|HEAP_ALLOCATE|[9]|Bytes:1
21:29:26.3 (18428062)|HEAP_ALLOCATE|[9]|Bytes:11
21:29:26.3 (18830549)|VARIABLE_ASSIGNMENT|[9]|this.FirstName|"Shatrughna3"|0x2d38a574
21:29:26.3 (18850286)|STATEMENT_EXECUTE|[10]
21:29:26.3 (19225505)|VARIABLE_ASSIGNMENT|[10]|this.LastName|"Salunke"|0x2d38a574
21:29:26.3 (19244581)|STATEMENT_EXECUTE|[11]
21:29:26.3 (19576391)|VARIABLE_ASSIGNMENT|[11]|this.Phone|"9373735419"|0x2d38a574
21:29:26.3 (19596313)|STATEMENT_EXECUTE|[12]
21:29:26.3 (20007648)|VARIABLE_ASSIGNMENT|[12]|this.Email|"shatrughna@gamil.com"|0x2d38a574
21:29:26.3 (20024899)|STATEMENT_EXECUTE|[13]
21:29:26.3 (20046333)|HEAP_ALLOCATE|[EXTERNAL]|Bytes:4
21:29:26.3 (20066442)|HEAP_ALLOCATE|[7]|Bytes:4
21:29:26.3 (20096514)|VARIABLE_ASSIGNMENT|[7]|i|4
21:29:26.3 (20110425)|STATEMENT_EXECUTE|[7]
21:29:26.3 (20115409)|STATEMENT_EXECUTE|[8]
21:29:26.3 (20133482)|HEAP_ALLOCATE|[8]|Bytes:4
21:29:26.3 (20163942)|VARIABLE_SCOPE_BEGIN|[8]|cc|Contact|true|false
21:29:26.3 (20198373)|VARIABLE_ASSIGNMENT|[8]|cc|{}|0x60acd933
21:29:26.3 (20212682)|STATEMENT_EXECUTE|[9]
21:29:26.3 (20239609)|HEAP_ALLOCATE|[9]|Bytes:1
21:29:26.3 (20267187)|HEAP_ALLOCATE|[9]|Bytes:11
21:29:26.3 (20687904)|VARIABLE_ASSIGNMENT|[9]|this.FirstName|"Shatrughna4"|0x60acd933
21:29:26.3 (20706331)|STATEMENT_EXECUTE|[10]
21:29:26.3 (21099331)|VARIABLE_ASSIGNMENT|[10]|this.LastName|"Salunke"|0x60acd933
21:29:26.3 (21119432)|STATEMENT_EXECUTE|[11]
21:29:26.3 (21474668)|VARIABLE_ASSIGNMENT|[11]|this.Phone|"9373735419"|0x60acd933
21:29:26.3 (21492306)|STATEMENT_EXECUTE|[12]
21:29:26.3 (21897182)|VARIABLE_ASSIGNMENT|[12]|this.Email|"shatrughna@gamil.com"|0x60acd933
21:29:26.3 (21913168)|STATEMENT_EXECUTE|[13]
21:29:26.3 (21933291)|HEAP_ALLOCATE|[EXTERNAL]|Bytes:4
21:29:26.3 (21954772)|HEAP_ALLOCATE|[7]|Bytes:4
21:29:26.3 (21984255)|VARIABLE_ASSIGNMENT|[7]|i|5
21:29:26.3 (21998038)|STATEMENT_EXECUTE|[7]
21:29:26.3 (22001716)|STATEMENT_EXECUTE|[8]
21:29:26.3 (22022296)|HEAP_ALLOCATE|[8]|Bytes:4
21:29:26.3 (22052346)|VARIABLE_SCOPE_BEGIN|[8]|cc|Contact|true|false
21:29:26.3 (22085946)|VARIABLE_ASSIGNMENT|[8]|cc|{}|0x2f1a4612
21:29:26.3 (22100001)|STATEMENT_EXECUTE|[9]
21:29:26.3 (22126750)|HEAP_ALLOCATE|[9]|Bytes:1
21:29:26.3 (22154409)|HEAP_ALLOCATE|[9]|Bytes:11
21:29:26.3 (22593836)|VARIABLE_ASSIGNMENT|[9]|this.FirstName|"Shatrughna5"|0x2f1a4612
21:29:26.3 (22617160)|STATEMENT_EXECUTE|[10]
21:29:26.3 (23036807)|VARIABLE_ASSIGNMENT|[10]|this.LastName|"Salunke"|0x2f1a4612
21:29:26.3 (23056395)|STATEMENT_EXECUTE|[11]
21:29:26.3 (23418532)|VARIABLE_ASSIGNMENT|[11]|this.Phone|"9373735419"|0x2f1a4612
21:29:26.3 (23436099)|STATEMENT_EXECUTE|[12]
21:29:26.3 (23790117)|VARIABLE_ASSIGNMENT|[12]|this.Email|"shatrughna@gamil.com"|0x2f1a4612
21:29:26.3 (23807707)|STATEMENT_EXECUTE|[13]
21:29:26.3 (23827600)|HEAP_ALLOCATE|[EXTERNAL]|Bytes:4
21:29:26.3 (23848957)|HEAP_ALLOCATE|[7]|Bytes:4
21:29:26.3 (23878098)|VARIABLE_ASSIGNMENT|[7]|i|6
21:29:26.3 (23891853)|STATEMENT_EXECUTE|[7]
21:29:26.3 (23895518)|STATEMENT_EXECUTE|[8]
21:29:26.3 (23915260)|HEAP_ALLOCATE|[8]|Bytes:4
21:29:26.3 (23945922)|VARIABLE_SCOPE_BEGIN|[8]|cc|Contact|true|false
21:29:26.3 (23981757)|VARIABLE_ASSIGNMENT|[8]|cc|{}|0x2fdd2e16
21:29:26.3 (23994067)|STATEMENT_EXECUTE|[9]
21:29:26.3 (24021148)|HEAP_ALLOCATE|[9]|Bytes:1
21:29:26.3 (24049377)|HEAP_ALLOCATE|[9]|Bytes:11
21:29:26.3 (24440012)|VARIABLE_ASSIGNMENT|[9]|this.FirstName|"Shatrughna6"|0x2fdd2e16
21:29:26.3 (24456756)|STATEMENT_EXECUTE|[10]
21:29:26.3 (24814548)|VARIABLE_ASSIGNMENT|[10]|this.LastName|"Salunke"|0x2fdd2e16
21:29:26.3 (24832340)|STATEMENT_EXECUTE|[11]
21:29:26.3 (25520257)|VARIABLE_ASSIGNMENT|[11]|this.Phone|"9373735419"|0x2fdd2e16
21:29:26.3 (25538729)|STATEMENT_EXECUTE|[12]
21:29:26.3 (25993893)|VARIABLE_ASSIGNMENT|[12]|this.Email|"shatrughna@gamil.com"|0x2fdd2e16
21:29:26.3 (26011568)|STATEMENT_EXECUTE|[13]
21:29:26.3 (26031525)|HEAP_ALLOCATE|[EXTERNAL]|Bytes:4
21:29:26.3 (26052867)|HEAP_ALLOCATE|[7]|Bytes:4
21:29:26.3 (26082039)|VARIABLE_ASSIGNMENT|[7]|i|7
21:29:26.3 (26096184)|STATEMENT_EXECUTE|[7]
21:29:26.3 (26099759)|STATEMENT_EXECUTE|[8]
21:29:26.3 (26119422)|HEAP_ALLOCATE|[8]|Bytes:4
21:29:26.3 (26161597)|VARIABLE_SCOPE_BEGIN|[8]|cc|Contact|true|false
21:29:26.3 (26198595)|VARIABLE_ASSIGNMENT|[8]|cc|{}|0x1fe25ec0
21:29:26.3 (26212153)|STATEMENT_EXECUTE|[9]
21:29:26.3 (26240162)|HEAP_ALLOCATE|[9]|Bytes:1
21:29:26.3 (26268463)|HEAP_ALLOCATE|[9]|Bytes:11
21:29:26.3 (26717425)|VARIABLE_ASSIGNMENT|[9]|this.FirstName|"Shatrughna7"|0x1fe25ec0
21:29:26.3 (26734010)|STATEMENT_EXECUTE|[10]
21:29:26.3 (27089155)|VARIABLE_ASSIGNMENT|[10]|this.LastName|"Salunke"|0x1fe25ec0
21:29:26.3 (27107006)|STATEMENT_EXECUTE|[11]
21:29:26.3 (27512411)|VARIABLE_ASSIGNMENT|[11]|this.Phone|"9373735419"|0x1fe25ec0
21:29:26.3 (27529449)|STATEMENT_EXECUTE|[12]
21:29:26.3 (27874928)|VARIABLE_ASSIGNMENT|[12]|this.Email|"shatrughna@gamil.com"|0x1fe25ec0
21:29:26.3 (27892564)|STATEMENT_EXECUTE|[13]
21:29:26.3 (27912384)|HEAP_ALLOCATE|[EXTERNAL]|Bytes:4
21:29:26.3 (27933814)|HEAP_ALLOCATE|[7]|Bytes:4
21:29:26.3 (27974994)|VARIABLE_ASSIGNMENT|[7]|i|8
21:29:26.3 (27989627)|STATEMENT_EXECUTE|[7]
21:29:26.3 (27993251)|STATEMENT_EXECUTE|[8]
21:29:26.3 (28014130)|HEAP_ALLOCATE|[8]|Bytes:4
21:29:26.3 (28045912)|VARIABLE_SCOPE_BEGIN|[8]|cc|Contact|true|false
21:29:26.3 (28080401)|VARIABLE_ASSIGNMENT|[8]|cc|{}|0x14a53f
21:29:26.3 (28094212)|STATEMENT_EXECUTE|[9]
21:29:26.3 (28121579)|HEAP_ALLOCATE|[9]|Bytes:1
21:29:26.3 (28148742)|HEAP_ALLOCATE|[9]|Bytes:11
21:29:26.3 (28565469)|VARIABLE_ASSIGNMENT|[9]|this.FirstName|"Shatrughna8"|0x14a53f
21:29:26.3 (28581959)|STATEMENT_EXECUTE|[10]
21:29:26.3 (28977505)|VARIABLE_ASSIGNMENT|[10]|this.LastName|"Salunke"|0x14a53f
21:29:26.3 (28995109)|STATEMENT_EXECUTE|[11]
21:29:26.3 (29431081)|VARIABLE_ASSIGNMENT|[11]|this.Phone|"9373735419"|0x14a53f
21:29:26.3 (29453141)|STATEMENT_EXECUTE|[12]
21:29:26.3 (29866239)|VARIABLE_ASSIGNMENT|[12]|this.Email|"shatrughna@gamil.com"|0x14a53f
21:29:26.3 (29882410)|STATEMENT_EXECUTE|[13]
21:29:26.3 (29903596)|HEAP_ALLOCATE|[EXTERNAL]|Bytes:4
21:29:26.3 (29923957)|HEAP_ALLOCATE|[7]|Bytes:4
21:29:26.3 (29968606)|VARIABLE_ASSIGNMENT|[7]|i|9
21:29:26.3 (29983140)|STATEMENT_EXECUTE|[7]
21:29:26.3 (29988364)|STATEMENT_EXECUTE|[8]
21:29:26.3 (30007335)|HEAP_ALLOCATE|[8]|Bytes:4
21:29:26.3 (30039178)|VARIABLE_SCOPE_BEGIN|[8]|cc|Contact|true|false
21:29:26.3 (30075235)|VARIABLE_ASSIGNMENT|[8]|cc|{}|0x42050fac
21:29:26.3 (30087097)|STATEMENT_EXECUTE|[9]
21:29:26.3 (30114234)|HEAP_ALLOCATE|[9]|Bytes:1
21:29:26.3 (30141980)|HEAP_ALLOCATE|[9]|Bytes:11
21:29:26.3 (30528116)|VARIABLE_ASSIGNMENT|[9]|this.FirstName|"Shatrughna9"|0x42050fac
21:29:26.3 (30545766)|STATEMENT_EXECUTE|[10]
21:29:26.3 (30929988)|VARIABLE_ASSIGNMENT|[10]|this.LastName|"Salunke"|0x42050fac
21:29:26.3 (30950165)|STATEMENT_EXECUTE|[11]
21:29:26.3 (31423538)|VARIABLE_ASSIGNMENT|[11]|this.Phone|"9373735419"|0x42050fac
21:29:26.3 (31443891)|STATEMENT_EXECUTE|[12]
21:29:26.3 (31814360)|VARIABLE_ASSIGNMENT|[12]|this.Email|"shatrughna@gamil.com"|0x42050fac
21:29:26.3 (31831927)|STATEMENT_EXECUTE|[13]
21:29:26.3 (31853429)|HEAP_ALLOCATE|[EXTERNAL]|Bytes:4
21:29:26.3 (31873145)|HEAP_ALLOCATE|[7]|Bytes:4
21:29:26.3 (31902319)|VARIABLE_ASSIGNMENT|[7]|i|10
21:29:26.3 (31917776)|STATEMENT_EXECUTE|[7]
21:29:26.3 (31921531)|STATEMENT_EXECUTE|[8]
21:29:26.3 (31940293)|HEAP_ALLOCATE|[8]|Bytes:4
21:29:26.3 (31970567)|VARIABLE_SCOPE_BEGIN|[8]|cc|Contact|true|false
21:29:26.3 (32004698)|VARIABLE_ASSIGNMENT|[8]|cc|{}|0x5dab2abe
21:29:26.3 (32017970)|STATEMENT_EXECUTE|[9]
21:29:26.3 (32044353)|HEAP_ALLOCATE|[9]|Bytes:2
21:29:26.3 (32071969)|HEAP_ALLOCATE|[9]|Bytes:12
21:29:26.3 (32465891)|VARIABLE_ASSIGNMENT|[9]|this.FirstName|"Shatrughna10"|0x5dab2abe
21:29:26.3 (32483970)|STATEMENT_EXECUTE|[10]
21:29:26.3 (33085651)|VARIABLE_ASSIGNMENT|[10]|this.LastName|"Salunke"|0x5dab2abe
21:29:26.3 (33106193)|STATEMENT_EXECUTE|[11]
21:29:26.3 (33601877)|VARIABLE_ASSIGNMENT|[11]|this.Phone|"9373735419"|0x5dab2abe
21:29:26.3 (33623548)|STATEMENT_EXECUTE|[12]
21:29:26.3 (34076635)|VARIABLE_ASSIGNMENT|[12]|this.Email|"shatrughna@gamil.com"|0x5dab2abe
21:29:26.3 (34094288)|STATEMENT_EXECUTE|[13]
21:29:26.3 (34116458)|HEAP_ALLOCATE|[EXTERNAL]|Bytes:4
21:29:26.3 (34144324)|HEAP_ALLOCATE|[7]|Bytes:4
21:29:26.3 (34172301)|VARIABLE_ASSIGNMENT|[7]|i|11
21:29:26.3 (34188873)|STATEMENT_EXECUTE|[15]
21:29:26.3 (34357440)|HEAP_ALLOCATE|[EXTERNAL]|Bytes:48
21:29:26.3 (146113490)|EXCEPTION_THROWN|[15]|System.DmlException: Insert failed. First exception on row 0; first error: CANNOT_INSERT_UPDATE_ACTIVATE_ENTITY, shatrughna94.ContactTriggerVersion1: execution of BeforeInsert

caused by: line 8, column 40: Method does not exist or incorrect signature: void preventDuplicateContact(Map<Id,Contact>) from the type shatrughna94.ContactTriggerHelperV1: []
21:29:26.3 (146662202)|HEAP_ALLOCATE|[15]|Bytes:335
21:29:26.3 (146868828)|SYSTEM_MODE_EXIT|false
21:29:26.3 (147137993)|FATAL_ERROR|System.DmlException: Insert failed. First exception on row 0; first error: CANNOT_INSERT_UPDATE_ACTIVATE_ENTITY, shatrughna94.ContactTriggerVersion1: execution of BeforeInsert

caused by: line 8, column 40: Method does not exist or incorrect signature: void preventDuplicateContact(Map<Id,Contact>) from the type shatrughna94.ContactTriggerHelperV1: []

Class.shatrughna94.contactUtilityTest.contactTestData: line 15, column 1
21:29:26.3 (147167386)|FATAL_ERROR|System.DmlException: Insert failed. First exception on row 0; first error: CANNOT_INSERT_UPDATE_ACTIVATE_ENTITY, shatrughna94.ContactTriggerVersion1: execution of BeforeInsert

caused by: line 8, column 40: Method does not exist or incorrect signature: void preventDuplicateContact(Map<Id,Contact>) from the type shatrughna94.ContactTriggerHelperV1: []

Class.shatrughna94.contactUtilityTest.contactTestData: line 15, column 1
21:29:26.3 (147235366)|CODE_UNIT_FINISHED|shatrughna94.contactUtilityTest.contactTestData()
21:29:26.3 (147245435)|EXECUTION_FINISHED
